=~=~=~=~=~=~=~=~=~=~=~= PuTTY log 2018.11.18 21:04:46 =~=~=~=~=~=~=~=~=~=~=~=

root@quark:/home# 
root@quark:/home# 
root@quark:/home# ./galileo_ip_set.sh 
root@quark:/home# clear
root@quark:/home# insmod test   imer_delay_test.ko 
insmod: ERROR: could not insert module timer_delay_test.ko: File exists
root@quark:/home# rmmod timer_delay_test.ko 
[18575.810466] Freed pin 12
[18575.819053] Freed pin 28
[18575.831253] Freed pin 45
[18575.833825] Exiting Test
root@quark:/home# rmmod timer_delay_test.ko 
root@quark:/home#  insmod timer_delay_test.ko 
[18580.318408] Configured pin gpio12 as ouput which cannot sleep
[18580.340182] Configured pin gpio28 as ouput which can sleep
[18580.353107] Configured pin gpio45 as ouput which can sleep
[18580.358785] Test Initialized
[18580.361849] Overhead Measurement. Sample Size 1000
[18580.367568] For ndelay of 350ns rdtsc() recorded average delay of 611ns with average overhead of 261ns
[18580.378390] For ndelay of 350ns ktime_get() recorded average delay of 942ns with average overhead of 592ns
[18580.391847] For Hrtimer of 350ns rdtsc() recorded average delay of 3051ns with average overhead of 2701ns
[18581.392496] For Hrtimer of 350ns ktime_get() recorded average delay of 1593ns with average overhead of 1243ns
[18582.400124] Resetting GPIOs using iowrite32()
[18585.413638] Average time to set gpio using gpio_set_value() (rdtsc) : 1233ns 
[18585.424926] Average time to set gpio using gpio_set_value() (ktime) : 1573ns 
[18588.440122] Resetting GPIOs using iowrite32()
[18588.444910] Resetting GPIOs using iowrite32()
[18589.450592] Average time to set gpio using iowrite32() (rdtsc) : 113ns 
[18589.458108] Average time to set gpio using iowrite32() (ktime) : 444ns 
[18592.470135] Resetting GPIOs using iowrite32()
[18592.474922] Resetting GPIOs using iowrite32()
[18593.480133] Bit Banging Test
[18593.483060] ndelay gpio_set_value: Trying to turn on all leds
[18595.500135] ndelay gpio_set_value: Trying to turn off all leds
[18598.510136] Resetting GPIOs using iowrite32()
[18599.520136] hrtimer gpio_set_value: Trying to turn on all leds
[18599.528277] hrtimer gpio_set_value: Trying to turn off all leds
[18605.540135] Resetting GPIOs using iowrite32()
[18606.550136] ndelay iowrite32: Trying to turn leds red
[18608.560137] ndelay iowrite32: Trying to turn off all leds
[18613.580136] Resetting GPIOs using iowrite32()
[18614.590137] hrtimer iowrite32: Trying to turn on all leds
[18614.596959] hrtimer iowrite32: Trying to turn off all leds
[18620.610137] Resetting GPIOs using iowrite32()
root@quark:/home# rmmd    insmod timer_delay_test.ko 
root@quark:/home# rmmod timer_delay_test.ko 
root@quark:/home#  insmod timer_delay_test.ko 
root@quark:/home# rmmod timer_delay_test.ko 
[18629.493525] Freed pin 12
[18629.504697] Freed pin 28
[18629.514477] Freed pin 45
[18629.517049] Exiting Test
root@quark:/home# insmod ws2812
insmod: ERROR: could not load module ws2812: No such file or directory
root@quark:/home# insmod ws2812.ko
insmod: ERROR: could not insert module ws2812.ko: File exists
root@quark:/home# rmmod u ws2812.ko
[18646.405391] Freed pin 12
[18646.407966] Freed pin 28
[18646.423077] Freed pin 45
[18646.425651] WS2812_DRIVER: EXIT SUCCESS
root@quark:/home# rmmod ws2812.ko insmod ws2812.ko
[18651.459333] Configured pin gpio12 as ouput which cannot sleep
[18651.489260] Configured pin gpio28 as ouput which can sleep
[18651.502287] Configured pin gpio45 as ouput which can sleep
root@quark:/home# insmod ws2812.kormmod ws2812.ko insmod ws2812.ko./led_test 
[18659.929324] WS_OPEN: Device opened
[18659.932923] WS_IOCTL: RESET Command Received
[18659.942923] Freed pin 12
[18659.951297] Freed pin 28
[18659.965520] Freed pin 45
[18659.974183] Configured pin gpio12 as ouput which cannot sleep
[18659.987520] Configured pin gpio28 as ouput which can sleep
[18659.999317] Configured pin gpio45 as ouput which can sleep
How many LEDs do you want to light up?[1-16]6
How many times do you want the circular display to repeat?[0=infinite]4
Color Panel
1 - Red2 - Green3 - Blue4 - Yellow
5 - White6 - Violet7 - Cyan8 - Magneta
9 - Orange10 - Brown11 - Maroon12 - Pink
13 - Custom Color(Need to enter RGB value)
LED 1 color[1-13]3
LED 2 color[1-13]4
LED 3 color[1-13]5
LED 4 color[1-13]6
LED 5 color[1-13]7
LED 6 color[1-13]9[18691.826191] WS_WRITE: Write Completed
[18691.830458] WS_WRITE: Write Completed

[18691.836984] WS_WRITE: Write Completed
[18691.842438] WS_WRITE: Write Completed
[18691.846642] WS_WRITE: Write Completed
[18691.853094] WS_WRITE: Write Completed
[18692.857536] WS_WRITE: Write Completed
[18692.861848] WS_WRITE: Write Completed
[18692.866014] WS_WRITE: Write Completed
[18692.870251] WS_WRITE: Write Completed
[18692.878594] WS_WRITE: Write Completed
[18692.882876] WS_WRITE: Write Completed
[18692.887017] WS_WRITE: Write Completed
[18692.894430] WS_WRITE: Write Completed
[18692.898610] WS_WRITE: Write Completed
[18692.905129] WS_WRITE: Write Completed
[18692.909332] WS_WRITE: Write Completed
[18692.915802] WS_WRITE: Write Completed
[18693.920262] WS_WRITE: Write Completed
[18693.924465] WS_WRITE: Write Completed
[18693.928618] WS_WRITE: Write Completed
[18693.936052] WS_WRITE: Write Completed
[18693.940298] WS_WRITE: Write Completed
[18693.946606] WS_WRITE: Write Completed
[18693.952004] WS_WRITE: Write Completed
[18693.956163] WS_WRITE: Write Completed
[18693.960442] WS_WRITE: Write Completed
[18693.967827] WS_WRITE: Write Completed
[18693.973355] WS_WRITE: Write Completed
[18693.977569] WS_WRITE: Write Completed
[18694.984210] WS_WRITE: Write Completed
[18694.988405] WS_WRITE: Write Completed
[18694.994832] WS_WRITE: Write Completed
[18694.998994] WS_WRITE: Write Completed
[18695.005423] WS_WRITE: Write Completed
[18695.009560] WS_WRITE: Write Completed
[18695.016020] WS_WRITE: Write Completed
[18695.020278] WS_WRITE: Write Completed
[18695.026612] WS_WRITE: Write Completed
[18695.032055] WS_WRITE: Write Completed
[18695.036258] WS_WRITE: Write Completed
[18695.040571] WS_WRITE: Write Completed
[18696.048236] WS_WRITE: Write Completed
[18696.052532] WS_WRITE: Write Completed
[18696.056698] WS_WRITE: Write Completed
[18696.064111] WS_WRITE: Write Completed
[18696.068259] WS_WRITE: Write Completed
[18696.074655] WS_WRITE: Write Completed
[18696.078800] WS_WRITE: Write Completed
[18696.085240] WS_WRITE: Write Completed
[18696.089419] WS_WRITE: Write Completed
[18696.095866] WS_WRITE: Write Completed
[18696.100168] WS_WRITE: Write Completed
[18696.106554] WS_WRITE: Write Completed
[18697.112209] WS_WRITE: Write Completed
[18697.116403] WS_WRITE: Write Completed
[18697.122888] WS_WRITE: Write Completed
[18697.127050] WS_WRITE: Write Completed
[18697.133470] WS_WRITE: Write Completed
[18697.137607] WS_WRITE: Write Completed
[18697.144020] WS_WRITE: Write Completed
[18697.148179] WS_WRITE: Write Completed
[18697.154616] WS_WRITE: Write Completed
[18697.158805] WS_WRITE: Write Completed
[18697.165281] WS_WRITE: Write Completed
[18697.169494] WS_WRITE: Write Completed
[18698.176147] WS_WRITE: Write Completed
[18698.180463] WS_WRITE: Write Completed
[18698.186914] WS_WRITE: Write Completed
[18698.192328] WS_WRITE: Write Completed
[18698.196475] WS_WRITE: Write Completed
[18698.202854] WS_WRITE: Write Completed
[18698.206999] WS_WRITE: Write Completed
[18698.213417] WS_WRITE: Write Completed
[18698.217597] WS_WRITE: Write Completed
[18698.224043] WS_WRITE: Write Completed
[18698.228246] WS_WRITE: Write Completed
[18698.234718] WS_WRITE: Write Completed
[18699.239594] WS_WRITE: Write Completed
[18699.243890] WS_WRITE: Write Completed
[18699.248056] WS_WRITE: Write Completed
[18699.256922] WS_WRITE: Write Completed
[18699.262319] WS_WRITE: Write Completed
[18699.266456] WS_WRITE: Write Completed
[18699.272863] WS_WRITE: Write Completed
[18699.277021] WS_WRITE: Write Completed
[18699.283452] WS_WRITE: Write Completed
[18699.287641] WS_WRITE: Write Completed
[18699.294119] WS_WRITE: Write Completed
[18699.298333] WS_WRITE: Write Completed
[18700.304978] WS_WRITE: Write Completed
[18700.309177] WS_WRITE: Write Completed
[18700.315620] WS_WRITE: Write Completed
[18700.319783] WS_WRITE: Write Completed
[18700.326264] WS_WRITE: Write Completed
[18700.330502] WS_WRITE: Write Completed
[18700.336850] WS_WRITE: Write Completed
[18700.342261] WS_WRITE: Write Completed
[18700.346441] WS_WRITE: Write Completed
[18700.352864] WS_WRITE: Write Completed
[18700.357069] WS_WRITE: Write Completed
[18700.363554] WS_WRITE: Write Completed
[18701.367942] WS_WRITE: Write Completed
[18701.372236] WS_WRITE: Write Completed
[18701.376403] WS_WRITE: Write Completed
[18701.383820] WS_WRITE: Write Completed
[18701.387968] WS_WRITE: Write Completed
[18701.394433] WS_WRITE: Write Completed
[18701.398580] WS_WRITE: Write Completed
[18701.405017] WS_WRITE: Write Completed
[18701.409197] WS_WRITE: Write Completed
[18701.415644] WS_WRITE: Write Completed
[18701.419848] WS_WRITE: Write Completed
[18701.426322] WS_WRITE: Write Completed
[18702.431960] WS_WRITE: Write Completed
[18702.436154] WS_WRITE: Write Completed
[18702.440406] WS_WRITE: Write Completed
[18702.447759] WS_WRITE: Write Completed
[18702.453242] WS_WRITE: Write Completed
[18702.457379] WS_WRITE: Write Completed
[18702.463852] WS_WRITE: Write Completed
[18702.468013] WS_WRITE: Write Completed
[18702.474464] WS_WRITE: Write Completed
[18702.478653] WS_WRITE: Write Completed
[18702.485130] WS_WRITE: Write Completed
[18702.489345] WS_WRITE: Write Completed
[18703.496012] WS_WRITE: Write Completed
[18703.500305] WS_WRITE: Write Completed
[18703.506633] WS_WRITE: Write Completed
[18703.512045] WS_WRITE: Write Completed
[18703.516193] WS_WRITE: Write Completed
[18703.520429] WS_WRITE: Write Completed
[18703.527768] WS_WRITE: Write Completed
[18703.533250] WS_WRITE: Write Completed
[18703.537431] WS_WRITE: Write Completed
[18703.543893] WS_WRITE: Write Completed
[18703.548097] WS_WRITE: Write Completed
[18703.554585] WS_WRITE: Write Completed
[18704.558997] WS_WRITE: Write Completed
[18704.563292] WS_WRITE: Write Completed
[18704.567459] WS_WRITE: Write Completed
[18704.574892] WS_WRITE: Write Completed
[18704.579039] WS_WRITE: Write Completed
[18704.585456] WS_WRITE: Write Completed
[18704.589602] WS_WRITE: Write Completed
[18704.596018] WS_WRITE: Write Completed
[18704.600298] WS_WRITE: Write Completed
[18704.606713] WS_WRITE: Write Completed
[18704.612169] WS_WRITE: Write Completed
[18704.616383] WS_WRITE: Write Completed
[18705.623049] WS_WRITE: Write Completed
[18705.627244] WS_WRITE: Write Completed
[18705.633692] WS_WRITE: Write Completed
[18705.637855] WS_WRITE: Write Completed
[18705.644260] WS_WRITE: Write Completed
[18705.648398] WS_WRITE: Write Completed
[18705.654799] WS_WRITE: Write Completed
[18705.658957] WS_WRITE: Write Completed
[18705.665393] WS_WRITE: Write Completed
[18705.669583] WS_WRITE: Write Completed
[18705.676116] WS_WRITE: Write Completed
[18705.680430] WS_WRITE: Write Completed
[18706.686978] WS_WRITE: Write Completed
[18706.691275] WS_WRITE: Write Completed
[18706.695442] WS_WRITE: Write Completed
[18706.699585] WS_WRITE: Write Completed
[18706.708057] WS_WRITE: Write Completed
[18706.713447] WS_WRITE: Write Completed
[18706.717593] WS_WRITE: Write Completed
[18706.724025] WS_WRITE: Write Completed
[18706.728205] WS_WRITE: Write Completed
[18706.734652] WS_WRITE: Write Completed
[18706.738856] WS_WRITE: Write Completed
[18706.745449] WS_WRITE: Write Completed
[18707.749861] WS_WRITE: Write Completed
[18707.754159] WS_WRITE: Write Completed
[18707.758326] WS_WRITE: Write Completed
[18707.765774] WS_WRITE: Write Completed
[18707.769922] WS_WRITE: Write Completed
[18707.776317] WS_WRITE: Write Completed
[18707.781711] WS_WRITE: Write Completed
[18707.785871] WS_WRITE: Write Completed
[18707.790149] WS_WRITE: Write Completed
[18707.797517] WS_WRITE: Write Completed
[18707.802990] WS_WRITE: Write Completed
[18707.807204] WS_WRITE: Write Completed
[18708.813944] WS_WRITE: Write Completed
[18708.818139] WS_WRITE: Write Completed
[18708.824587] WS_WRITE: Write Completed
[18708.828749] WS_WRITE: Write Completed
[18708.835147] WS_WRITE: Write Completed
[18708.839284] WS_WRITE: Write Completed
[18708.845688] WS_WRITE: Write Completed
[18708.849847] WS_WRITE: Write Completed
[18708.856283] WS_WRITE: Write Completed
[18708.860603] WS_WRITE: Write Completed
[18708.866964] WS_WRITE: Write Completed
[18708.872430] WS_WRITE: Write Completed
[18709.876834] WS_WRITE: Write Completed
[18709.881125] WS_WRITE: Write Completed
[18709.885291] WS_WRITE: Write Completed
[18709.889434] WS_WRITE: Write Completed
[18709.897966] WS_WRITE: Write Completed
[18709.903356] WS_WRITE: Write Completed
[18709.907502] WS_WRITE: Write Completed
[18709.913919] WS_WRITE: Write Completed
[18709.918099] WS_WRITE: Write Completed
[18709.924546] WS_WRITE: Write Completed
[18709.928751] WS_WRITE: Write Completed
[18709.935245] WS_WRITE: Write Completed
[18710.939650] WS_WRITE: Write Completed
[18710.943944] WS_WRITE: Write Completed
[18710.948110] WS_WRITE: Write Completed
[18710.955616] WS_WRITE: Write Completed
[18710.959764] WS_WRITE: Write Completed
[18710.966157] WS_WRITE: Write Completed
[18710.970402] WS_WRITE: Write Completed
[18710.976779] WS_WRITE: Write Completed
[18710.982209] WS_WRITE: Write Completed
[18710.986398] WS_WRITE: Write Completed
[18710.992838] WS_WRITE: Write Completed
[18710.997052] WS_WRITE: Write Completed
[18712.003694] WS_WRITE: Write Completed
[18712.007888] WS_WRITE: Write Completed
[18712.014601] WS_WRITE: Write Completed
[18712.018763] WS_WRITE: Write Completed
[18712.025280] WS_WRITE: Write Completed
[18712.029417] WS_WRITE: Write Completed
[18712.035881] WS_WRITE: Write Completed
[18712.040140] WS_WRITE: Write Completed
[18712.046520] WS_WRITE: Write Completed
[18712.051984] WS_WRITE: Write Completed
[18712.056188] WS_WRITE: Write Completed
[18712.060500] WS_WRITE: Write Completed
[18713.068251] WS_WRITE: Write Completed
[18713.072547] WS_WRITE: Write Completed
[18713.076714] WS_WRITE: Write Completed
[18713.084196] WS_WRITE: Write Completed
[18713.088344] WS_WRITE: Write Completed
[18713.094788] WS_WRITE: Write Completed
[18713.098933] WS_WRITE: Write Completed
[18713.105396] WS_WRITE: Write Completed
[18713.109576] WS_WRITE: Write Completed
[18713.116655] WS_WRITE: Write Completed
[18713.122116] WS_WRITE: Write Completed
[18713.126330] WS_WRITE: Write Completed
[18714.133023] WS_WRITE: Write Completed
[18714.137217] WS_WRITE: Write Completed
[18714.143797] WS_WRITE: Write Completed
[18714.147959] WS_WRITE: Write Completed
[18714.154407] WS_WRITE: Write Completed
[18714.158544] WS_WRITE: Write Completed
[18714.164992] WS_WRITE: Write Completed
[18714.169151] WS_WRITE: Write Completed
[18714.175635] WS_WRITE: Write Completed
[18714.179825] WS_WRITE: Write Completed
[18714.186394] WS_WRITE: Write Completed
[18714.191889] WS_WRITE: Write Completed
[18715.196298] WS_WRITE: Write Completed
[18715.200570] WS_WRITE: Write Completed
[18715.204736] WS_WRITE: Write Completed
[18715.208878] WS_WRITE: Write Completed
[18715.218861] WS_WRITE: Write Completed
[18715.224290] WS_WRITE: Write Completed
[18715.228436] WS_WRITE: Write Completed
[18715.234892] WS_WRITE: Write Completed
[18715.239072] WS_WRITE: Write Completed
[18715.245566] WS_WRITE: Write Completed
[18715.249770] WS_WRITE: Write Completed
[18715.256320] WS_WRITE: Write Completed
[18716.262437] WS_WRITE: Write Completed
[18716.266632] WS_WRITE: Write Completed
[18716.273104] WS_WRITE: Write Completed
[18716.277266] WS_WRITE: Write Completed
[18716.283787] WS_WRITE: Write Completed
[18716.287924] WS_WRITE: Write Completed
[18716.294373] WS_WRITE: Write Completed
[18716.298532] WS_WRITE: Write Completed
[18716.305104] WS_WRITE: Write Completed
[18716.309293] WS_WRITE: Write Completed
[18716.315801] WS_WRITE: Write Completed
[18716.320116] WS_WRITE: Write Completed
[18717.326725] WS_WRITE: Write Completed
[18717.330999] WS_WRITE: Write Completed
[18717.335163] WS_WRITE: Write Completed
[18717.339307] WS_WRITE: Write Completed
[18717.347990] WS_WRITE: Write Completed
[18717.353404] WS_WRITE: Write Completed
[18717.357549] WS_WRITE: Write Completed
[18717.364026] WS_WRITE: Write Completed
[18717.368206] WS_WRITE: Write Completed
[18717.374701] WS_WRITE: Write Completed
[18717.378905] WS_WRITE: Write Completed
[18717.385423] WS_WRITE: Write Completed
[18718.389828] WS_WRITE: Write Completed
[18718.394123] WS_WRITE: Write Completed
[18718.398290] WS_WRITE: Write Completed
[18718.405793] WS_WRITE: Write Completed
[18718.409941] WS_WRITE: Write Completed
[18718.416466] WS_WRITE: Write Completed
[18718.421866] WS_WRITE: Write Completed
[18718.426026] WS_WRITE: Write Completed
[18718.430306] WS_WRITE: Write Completed
[18718.437743] WS_WRITE: Write Completed
[18718.443227] WS_WRITE: Write Completed
[18718.447441] WS_WRITE: Write Completed
[18719.454197] WS_WRITE: Write Completed
[18719.458391] WS_WRITE: Write Completed
[18719.464881] WS_WRITE: Write Completed
[18719.469044] WS_WRITE: Write Completed
[18719.475495] WS_WRITE: Write Completed
[18719.479633] WS_WRITE: Write Completed
[18719.486165] WS_WRITE: Write Completed
[18719.490424] WS_WRITE: Write Completed
[18719.496804] WS_WRITE: Write Completed
[18719.502267] WS_WRITE: Write Completed
[18719.506471] WS_WRITE: Write Completed
[18719.512986] WS_WRITE: Write Completed
[18720.517398] WS_WRITE: Write Completed
[18720.521694] WS_WRITE: Write Completed
[18720.525860] WS_WRITE: Write Completed
[18720.530003] WS_WRITE: Write Completed
[18720.538529] WS_WRITE: Write Completed
[18720.542811] WS_WRITE: Write Completed
[18720.546953] WS_WRITE: Write Completed
[18720.554471] WS_WRITE: Write Completed
[18720.558651] WS_WRITE: Write Completed
[18720.565219] WS_WRITE: Write Completed
[18720.569422] WS_WRITE: Write Completed
[18720.575941] WS_WRITE: Write Completed
[18721.580412] WS_WRITE: Write Completed
[18721.584614] WS_WRITE: Write Completed
[18721.588768] WS_WRITE: Write Completed
[18721.596287] WS_WRITE: Write Completed
[18721.600535] WS_WRITE: Write Completed
[18721.606874] WS_WRITE: Write Completed
[18721.612296] WS_WRITE: Write Completed
[18721.616455] WS_WRITE: Write Completed
[18721.622985] WS_WRITE: Write Completed
[18721.627175] WS_WRITE: Write Completed
[18721.633761] WS_WRITE: Write Completed
[18721.637976] WS_WRITE: Write Completed
[18722.644674] WS_WRITE: Write Completed
[18722.648869] WS_WRITE: Write Completed
[18722.655361] WS_WRITE: Write Completed
[18722.659523] WS_WRITE: Write Completed
[18722.665975] WS_WRITE: Write Completed
[18722.670212] WS_WRITE: Write Completed
[18722.676558] WS_WRITE: Write Completed
[18722.682062] WS_WRITE: Write Completed
[18722.686242] WS_WRITE: Write Completed
[18722.690532] WS_WRITE: Write Completed
[18722.698151] WS_WRITE: Write Completed
[18722.703642] WS_WRITE: Write Completed
[18723.708054] WS_WRITE: Write Completed
[18723.712352] WS_WRITE: Write Completed
[18723.716519] WS_WRITE: Write Completed
[18723.724013] WS_WRITE: Write Completed
[18723.728161] WS_WRITE: Write Completed
[18723.734603] WS_WRITE: Write Completed
[18723.738749] WS_WRITE: Write Completed
[18723.745211] WS_WRITE: Write Completed
[18723.749391] WS_WRITE: Write Completed
[18723.755900] WS_WRITE: Write Completed
[18723.760203] WS_WRITE: Write Completed
[18723.766686] WS_WRITE: Write Completed
[18724.772374] WS_WRITE: Write Completed
[18724.776568] WS_WRITE: Write Completed
[18724.783044] WS_WRITE: Write Completed
[18724.787206] WS_WRITE: Write Completed
[18724.793667] WS_WRITE: Write Completed
[18724.797804] WS_WRITE: Write Completed
[18724.804252] WS_WRITE: Write Completed
[18724.808412] WS_WRITE: Write Completed
[18724.814895] WS_WRITE: Write Completed
[18724.819084] WS_WRITE: Write Completed
[18724.825592] WS_WRITE: Write Completed
[18724.829806] WS_WRITE: Write Completed
[18725.836575] WS_WRITE: Write Completed
[18725.840855] WS_WRITE: Write Completed
[18725.845020] WS_WRITE: Write Completed
[18725.849163] WS_WRITE: Write Completed
[18725.857696] WS_WRITE: Write Completed
[18725.863151] WS_WRITE: Write Completed
[18725.867297] WS_WRITE: Write Completed
[18725.873777] WS_WRITE: Write Completed
[18725.877957] WS_WRITE: Write Completed
[18725.884449] WS_WRITE: Write Completed
[18725.888653] WS_WRITE: Write Completed
[18725.895170] WS_WRITE: Write Completed
[18726.899575] WS_WRITE: Write Completed
[18726.903871] WS_WRITE: Write Completed
[18726.908037] WS_WRITE: Write Completed
[18726.915627] WS_WRITE: Write Completed
[18726.919776] WS_WRITE: Write Completed
[18726.926215] WS_WRITE: Write Completed
[18726.930461] WS_WRITE: Write Completed
[18726.936824] WS_WRITE: Write Completed
[18726.942295] WS_WRITE: Write Completed
[18726.946484] WS_WRITE: Write Completed
[18726.952996] WS_WRITE: Write Completed
[18726.957210] WS_WRITE: Write Completed
[18727.963920] WS_WRITE: Write Completed
[18727.968113] WS_WRITE: Write Completed
[18727.974728] WS_WRITE: Write Completed
[18727.978889] WS_WRITE: Write Completed
[18727.985356] WS_WRITE: Write Completed
[18727.989493] WS_WRITE: Write Completed
[18727.995956] WS_WRITE: Write Completed
[18728.000215] WS_WRITE: Write Completed
[18728.006612] WS_WRITE: Write Completed
[18728.012101] WS_WRITE: Write Completed
[18728.016305] WS_WRITE: Write Completed
[18728.020619] WS_WRITE: Write Completed
[18729.028272] WS_WRITE: Write Completed
[18729.032567] WS_WRITE: Write Completed
[18729.036734] WS_WRITE: Write Completed
[18729.044342] WS_WRITE: Write Completed
[18729.048490] WS_WRITE: Write Completed
[18729.054946] WS_WRITE: Write Completed
[18729.059092] WS_WRITE: Write Completed
[18729.065570] WS_WRITE: Write Completed
[18729.069750] WS_WRITE: Write Completed
[18729.076290] WS_WRITE: Write Completed
[18729.080597] WS_WRITE: Write Completed
[18729.087028] WS_WRITE: Write Completed
[18730.092699] WS_WRITE: Write Completed
[18730.096894] WS_WRITE: Write Completed
[18730.103416] WS_WRITE: Write Completed
[18730.107578] WS_WRITE: Write Completed
[18730.114124] WS_WRITE: Write Completed
[18730.118261] WS_WRITE: Write Completed
[18730.124741] WS_WRITE: Write Completed
[18730.128900] WS_WRITE: Write Completed
[18730.135413] WS_WRITE: Write Completed
[18730.139603] WS_WRITE: Write Completed
[18730.146157] WS_WRITE: Write Completed
[18730.150472] WS_WRITE: Write Completed
[18731.157098] WS_WRITE: Write Completed
[18731.161394] WS_WRITE: Write Completed
[18731.165559] WS_WRITE: Write Completed
[18731.169702] WS_WRITE: Write Completed
[18731.179758] WS_WRITE: Write Completed
[18731.184182] WS_WRITE: Write Completed
[18731.188327] WS_WRITE: Write Completed
[18731.195925] WS_WRITE: Write Completed
[18731.200204] WS_WRITE: Write Completed
[18731.206611] WS_WRITE: Write Completed
[18731.212099] WS_WRITE: Write Completed
[18731.216313] WS_WRITE: Write Completed
[18732.223014] WS_WRITE: Write Completed
[18732.227209] WS_WRITE: Write Completed
[18732.233699] WS_WRITE: Write Completed
[18732.237860] WS_WRITE: Write Completed
[18732.244328] WS_WRITE: Write Completed
[18732.248465] WS_WRITE: Write Completed
[18732.255010] WS_WRITE: Write Completed
[18732.259169] WS_WRITE: Write Completed
[18732.265668] WS_WRITE: Write Completed
[18732.269858] WS_WRITE: Write Completed
[18732.276382] WS_WRITE: Write Completed
[18732.281957] WS_WRITE: Write Completed
[18733.286350] WS_WRITE: Write Completed
[18733.290645] WS_WRITE: Write Completed
[18733.294811] WS_WRITE: Write Completed
[18733.298955] WS_WRITE: Write Completed
[18733.307536] WS_WRITE: Write Completed
[18733.312974] WS_WRITE: Write Completed
[18733.317120] WS_WRITE: Write Completed
[18733.323767] WS_WRITE: Write Completed
[18733.327947] WS_WRITE: Write Completed
[18733.334455] WS_WRITE: Write Completed
[18733.338659] WS_WRITE: Write Completed
[18733.346791] WS_WRITE: Write Completed
[18734.352480] WS_WRITE: Write Completed
[18734.356674] WS_WRITE: Write Completed
[18734.363159] WS_WRITE: Write Completed
[18734.367321] WS_WRITE: Write Completed
[18734.373788] WS_WRITE: Write Completed
[18734.377925] WS_WRITE: Write Completed
[18734.384422] WS_WRITE: Write Completed
[18734.388581] WS_WRITE: Write Completed
[18734.395150] WS_WRITE: Write Completed
[18734.399340] WS_WRITE: Write Completed
[18734.405865] WS_WRITE: Write Completed
[18734.410179] WS_WRITE: Write Completed
[18735.416796] WS_WRITE: Write Completed
[18735.421091] WS_WRITE: Write Completed
[18735.425258] WS_WRITE: Write Completed
[18735.429401] WS_WRITE: Write Completed
[18735.437971] WS_WRITE: Write Completed
[18735.443392] WS_WRITE: Write Completed
[18735.447538] WS_WRITE: Write Completed
[18735.454104] WS_WRITE: Write Completed
[18735.458283] WS_WRITE: Write Completed
[18735.464878] WS_WRITE: Write Completed
[18735.469082] WS_WRITE: Write Completed
[18735.475631] WS_WRITE: Write Completed
[18736.480155] WS_WRITE: Write Completed
[18736.484362] WS_WRITE: Write Completed
[18736.488516] WS_WRITE: Write Completed
[18736.496049] WS_WRITE: Write Completed
[18736.500297] WS_WRITE: Write Completed
[18736.506676] WS_WRITE: Write Completed
[18736.512106] WS_WRITE: Write Completed
[18736.516265] WS_WRITE: Write Completed
[18736.520543] WS_WRITE: Write Completed
[18736.528004] WS_WRITE: Write Completed
[18736.533581] WS_WRITE: Write Completed
[18736.537795] WS_WRITE: Write Completed
[18737.544535] WS_WRITE: Write Completed
[18737.548729] WS_WRITE: Write Completed
[18737.555221] WS_WRITE: Write Completed
[18737.559383] WS_WRITE: Write Completed
[18737.565893] WS_WRITE: Write Completed
[18737.570129] WS_WRITE: Write Completed
[18737.576491] WS_WRITE: Write Completed
[18737.581934] WS_WRITE: Write Completed
[18737.586113] WS_WRITE: Write Completed
[18737.590401] WS_WRITE: Write Completed
[18737.597895] WS_WRITE: Write Completed
[18737.603465] WS_WRITE: Write Completed
[18738.607876] WS_WRITE: Write Completed
[18738.612172] WS_WRITE: Write Completed
[18738.616338] WS_WRITE: Write Completed
[18738.623842] WS_WRITE: Write Completed
[18738.627991] WS_WRITE: Write Completed
[18738.634487] WS_WRITE: Write Completed
[18738.638633] WS_WRITE: Write Completed
[18738.645113] WS_WRITE: Write Completed
[18738.649293] WS_WRITE: Write Completed
[18738.655817] WS_WRITE: Write Completed
[18738.660121] WS_WRITE: Write Completed
[18738.666552] WS_WRITE: Write Completed
[18739.672313] WS_WRITE: Write Completed
[18739.676508] WS_WRITE: Write Completed
[18739.683002] WS_WRITE: Write Completed
[18739.687165] WS_WRITE: Write Completed
[18739.693631] WS_WRITE: Write Completed
[18739.697768] WS_WRITE: Write Completed
[18739.704232] WS_WRITE: Write Completed
[18739.708391] WS_WRITE: Write Completed
[18739.714891] WS_WRITE: Write Completed
[18739.719080] WS_WRITE: Write Completed
[18739.725618] WS_WRITE: Write Completed
[18739.729833] WS_WRITE: Write Completed
[18740.736585] WS_WRITE: Write Completed
[18740.740862] WS_WRITE: Write Completed
[18740.745028] WS_WRITE: Write Completed
[18740.749171] WS_WRITE: Write Completed
[18740.757858] WS_WRITE: Write Completed
[18740.763300] WS_WRITE: Write Completed
[18740.767446] WS_WRITE: Write Completed
[18740.773942] WS_WRITE: Write Completed
[18740.778122] WS_WRITE: Write Completed
[18740.784632] WS_WRITE: Write Completed
[18740.788836] WS_WRITE: Write Completed
[18740.795387] WS_WRITE: Write Completed
[18741.799802] WS_WRITE: Write Completed
[18741.804100] WS_WRITE: Write Completed
[18741.808267] WS_WRITE: Write Completed
[18741.815878] WS_WRITE: Write Completed
[18741.820125] WS_WRITE: Write Completed
[18741.826504] WS_WRITE: Write Completed
[18741.831949] WS_WRITE: Write Completed
[18741.836108] WS_WRITE: Write Completed
[18741.840387] WS_WRITE: Write Completed
[18741.847852] WS_WRITE: Write Completed
[18741.853343] WS_WRITE: Write Completed
[18741.857557] WS_WRITE: Write Completed
[18742.864258] WS_WRITE: Write Completed
[18742.868452] WS_WRITE: Write Completed
[18742.874941] WS_WRITE: Write Completed
[18742.879103] WS_WRITE: Write Completed
[18742.885656] WS_WRITE: Write Completed
[18742.889793] WS_WRITE: Write Completed
[18742.896273] WS_WRITE: Write Completed
[18742.900531] WS_WRITE: Write Completed
[18742.906947] WS_WRITE: Write Completed
[18742.912420] WS_WRITE: Write Completed
[18742.916624] WS_WRITE: Write Completed
[18742.923156] WS_WRITE: Write Completed
[18743.927563] WS_WRITE: Write Completed
[18743.931857] WS_WRITE: Write Completed
[18743.936023] WS_WRITE: Write Completed
[18743.940259] WS_WRITE: Write Completed
[18743.948772] WS_WRITE: Write Completed
[18743.953054] WS_WRITE: Write Completed
[18743.957195] WS_WRITE: Write Completed
[18743.964793] WS_WRITE: Write Completed
[18743.968973] WS_WRITE: Write Completed
[18743.975494] WS_WRITE: Write Completed
[18743.979698] WS_WRITE: Write Completed
[18743.986233] WS_WRITE: Write Completed
[18744.990639] WS_WRITE: Write Completed
[18744.994834] WS_WRITE: Write Completed
[18744.998987] WS_WRITE: Write Completed
[18745.006543] WS_WRITE: Write Completed
[18745.012012] WS_WRITE: Write Completed
[18745.016149] WS_WRITE: Write Completed
[18745.020394] WS_WRITE: Write Completed
[18745.027920] WS_WRITE: Write Completed
[18745.033386] WS_WRITE: Write Completed
[18745.037575] WS_WRITE: Write Completed
[18745.044099] WS_WRITE: Write Completed
[18745.048313] WS_WRITE: Write Completed
[18746.055023] WS_WRITE: Write Completed
[18746.059218] WS_WRITE: Write Completed
[18746.065753] WS_WRITE: Write Completed
[18746.069917] WS_WRITE: Write Completed
[18746.076399] WS_WRITE: Write Completed
[18746.081817] WS_WRITE: Write Completed
[18746.085963] WS_WRITE: Write Completed
[18746.090220] WS_WRITE: Write Completed
[18746.097769] WS_WRITE: Write Completed
[18746.103275] WS_WRITE: Write Completed
[18746.107478] WS_WRITE: Write Completed
[18746.114023] WS_WRITE: Write Completed
[18747.118430] WS_WRITE: Write Completed
[18747.122727] WS_WRITE: Write Completed
[18747.126893] WS_WRITE: Write Completed
[18747.135800] WS_WRITE: Write Completed
[18747.139947] WS_WRITE: Write Completed
[18747.146402] WS_WRITE: Write Completed
[18747.151828] WS_WRITE: Write Completed
[18747.155987] WS_WRITE: Write Completed
[18747.160265] WS_WRITE: Write Completed
[18747.167818] WS_WRITE: Write Completed
[18747.173309] WS_WRITE: Write Completed
[18747.177523] WS_WRITE: Write Completed
[18748.184330] WS_WRITE: Write Completed
[18748.188524] WS_WRITE: Write Completed
[18748.195017] WS_WRITE: Write Completed
[18748.199179] WS_WRITE: Write Completed
[18748.205663] WS_WRITE: Write Completed
[18748.209800] WS_WRITE: Write Completed
[18748.216265] WS_WRITE: Write Completed
[18748.220523] WS_WRITE: Write Completed
[18748.226937] WS_WRITE: Write Completed
[18748.232508] WS_WRITE: Write Completed
[18748.236712] WS_WRITE: Write Completed
[18748.243259] WS_WRITE: Write Completed
[18749.247671] WS_WRITE: Write Completed
[18749.251966] WS_WRITE: Write Completed
[18749.256133] WS_WRITE: Write Completed
[18749.260369] WS_WRITE: Write Completed
[18749.268841] WS_WRITE: Write Completed
[18749.273123] WS_WRITE: Write Completed
[18749.277264] WS_WRITE: Write Completed
[18749.284771] WS_WRITE: Write Completed
[18749.288951] WS_WRITE: Write Completed
[18749.295499] WS_WRITE: Write Completed
[18749.299703] WS_WRITE: Write Completed
[18749.306406] WS_WRITE: Write Completed
[18750.312081] WS_WRITE: Write Completed
[18750.316275] WS_WRITE: Write Completed
[18750.320527] WS_WRITE: Write Completed
[18750.327994] WS_WRITE: Write Completed
[18750.333429] WS_WRITE: Write Completed
[18750.337566] WS_WRITE: Write Completed
[18750.344080] WS_WRITE: Write Completed
[18750.348239] WS_WRITE: Write Completed
[18750.354738] WS_WRITE: Write Completed
[18750.358928] WS_WRITE: Write Completed
[18750.365465] WS_WRITE: Write Completed
[18750.369679] WS_WRITE: Write Completed
[18751.376473] WS_WRITE: Write Completed
[18751.380745] WS_WRITE: Write Completed
[18751.384910] WS_WRITE: Write Completed
[18751.389053] WS_WRITE: Write Completed
[18751.397614] WS_WRITE: Write Completed
[18751.403036] WS_WRITE: Write Completed
[18751.407182] WS_WRITE: Write Completed
[18751.413662] WS_WRITE: Write Completed
[18751.417842] WS_WRITE: Write Completed
[18751.424351] WS_WRITE: Write Completed
[18751.428554] WS_WRITE: Write Completed
[18751.435157] WS_WRITE: Write Completed
[18752.439563] WS_WRITE: Write Completed
[18752.443856] WS_WRITE: Write Completed
[18752.448023] WS_WRITE: Write Completed
[18752.455636] WS_WRITE: Write Completed
[18752.459784] WS_WRITE: Write Completed
[18752.466241] WS_WRITE: Write Completed
[18752.470486] WS_WRITE: Write Completed
[18752.476895] WS_WRITE: Write Completed
[18752.482362] WS_WRITE: Write Completed
[18752.486551] WS_WRITE: Write Completed
[18752.493055] WS_WRITE: Write Completed
[18752.497269] WS_WRITE: Write Completed
[18753.503982] WS_WRITE: Write Completed
[18753.508177] WS_WRITE: Write Completed
[18753.514737] WS_WRITE: Write Completed
[18753.518899] WS_WRITE: Write Completed
[18753.525366] WS_WRITE: Write Completed
[18753.529503] WS_WRITE: Write Completed
[18753.536001] WS_WRITE: Write Completed
[18753.540259] WS_WRITE: Write Completed
[18753.546658] WS_WRITE: Write Completed
[18753.552131] WS_WRITE: Write Completed
[18753.556334] WS_WRITE: Write Completed
[18753.562869] WS_WRITE: Write Completed
[18754.567282] WS_WRITE: Write Completed
[18754.571578] WS_WRITE: Write Completed
[18754.575744] WS_WRITE: Write Completed
[18754.579886] WS_WRITE: Write Completed
[18754.588530] WS_WRITE: Write Completed
[18754.593970] WS_WRITE: Write Completed
[18754.598116] WS_WRITE: Write Completed
[18754.604590] WS_WRITE: Write Completed
[18754.608770] WS_WRITE: Write Completed
[18754.615280] WS_WRITE: Write Completed
[18754.619483] WS_WRITE: Write Completed
[18754.626020] WS_WRITE: Write Completed
[18755.630490] WS_WRITE: Write Completed
[18755.634693] WS_WRITE: Write Completed
[18755.638846] WS_WRITE: Write Completed
[18755.646391] WS_WRITE: Write Completed
[18755.651874] WS_WRITE: Write Completed
[18755.656011] WS_WRITE: Write Completed
[18755.660256] WS_WRITE: Write Completed
[18755.667701] WS_WRITE: Write Completed
[18755.673178] WS_WRITE: Write Completed
[18755.677367] WS_WRITE: Write Completed
[18755.683908] WS_WRITE: Write Completed
[18755.688122] WS_WRITE: Write Completed
[18756.694867] WS_WRITE: Write Completed
[18756.699062] WS_WRITE: Write Completed
[18756.705681] WS_WRITE: Write Completed
[18756.709842] WS_WRITE: Write Completed
[18756.716341] WS_WRITE: Write Completed
[18756.721829] WS_WRITE: Write Completed
[18756.725974] WS_WRITE: Write Completed
[18756.730231] WS_WRITE: Write Completed
[18756.737683] WS_WRITE: Write Completed
[18756.743158] WS_WRITE: Write Completed
[18756.747361] WS_WRITE: Write Completed
[18756.753962] WS_WRITE: Write Completed
[18757.758379] WS_WRITE: Write Completed
[18757.762682] WS_WRITE: Write Completed
[18757.766849] WS_WRITE: Write Completed
[18757.774377] WS_WRITE: Write Completed
[18757.778525] WS_WRITE: Write Completed
[18757.784980] WS_WRITE: Write Completed
[18757.789126] WS_WRITE: Write Completed
[18757.795675] WS_WRITE: Write Completed
[18757.799855] WS_WRITE: Write Completed
[18757.806364] WS_WRITE: Write Completed
[18757.811833] WS_WRITE: Write Completed
[18757.816047] WS_WRITE: Write Completed
[18758.820494] WS_WRITE: Write Completed
[18758.824697] WS_WRITE: Write Completed
[18758.828851] WS_WRITE: Write Completed
[18758.836394] WS_WRITE: Write Completed
[18758.841822] WS_WRITE: Write Completed
[18758.845959] WS_WRITE: Write Completed
[18758.850204] WS_WRITE: Write Completed
[18758.857707] WS_WRITE: Write Completed
[18758.863211] WS_WRITE: Write Completed
[18758.867402] WS_WRITE: Write Completed
[18758.873941] WS_WRITE: Write Completed
[18758.878155] WS_WRITE: Write Completed
[18759.884878] WS_WRITE: Write Completed
[18759.889074] WS_WRITE: Write Completed
[18759.895586] WS_WRITE: Write Completed
[18759.899748] WS_WRITE: Write Completed
[18759.906215] WS_WRITE: Write Completed
[18759.910452] WS_WRITE: Write Completed
[18759.916393] WS_IOCTL: RESET Command Received
[18759.925382] Freed pin 12
[18759.935350] Freed pin 28
[18759.945022] Freed pin 45
[18759.953422] Configured pin gpio12 as ouput which cannot sleep
[18759.966633] Configured pin gpio28 as ouput which can sleep
[18759.978445] Configured pin gpio45 as ouput which can sleep
[18759.986735] WS_RELEASE: Driver Released Successfully
root@quark:/home# rmmof   d ws2812.ko
[18809.309100] Freed pin 12
[18809.327853] Freed pin 28
[18809.333673] Freed pin 45
[18809.336243] WS2812_DRIVER: EXIT SUCCESS
root@quark:/home# insmod spi_device.ko 
[18816.102767] SPI_DEVICE: Device Created WS2812
[18816.107179] SPI_DEVICE: INIT COMPLETED
root@quark:/home# insmod spi_driver.ko 
[18821.410945] SPI_DRIVER: Probe Function Called
[18821.449778] SPI_DRIVER: INIT SUCCESS
root@quark:/home# ./led_test 
[18830.950978] WS_OPEN: Device opened
[18830.954479] WS_IOCTL: RESET Command Received
How many LEDs do you want to light up?[1-16]4
How many times do you want the circular display to repeat?[0=infinite]2
Color Panel
1 - Red2 - Green3 - Blue4 - Yellow
5 - White6 - Violet7 - Cyan8 - Magneta
9 - Orange10 - Brown11 - Maroon12 - Pink
13 - Custom Color(Need to enter RGB value)
LED 1 color[1-13]1
LED 2 color[1-13]4
LED 3 color[1-13]5
LED 4 color[1-13]7[18840.429861] WS_WRITE: Write Completed

[18840.434530] WS_WRITE: Write Completed
[18840.438966] WS_WRITE: Write Completed
[18840.446847] WS_WRITE: Write Completed
[18841.452876] WS_WRITE: Write Completed
[18841.457315] WS_WRITE: Write Completed
[18841.464069] WS_WRITE: Write Completed
[18841.468504] WS_WRITE: Write Completed
[18841.475275] WS_WRITE: Write Completed
[18841.479714] WS_WRITE: Write Completed
[18841.486548] WS_WRITE: Write Completed
[18841.492233] WS_WRITE: Write Completed
[18842.496902] WS_WRITE: Write Completed
[18842.501433] WS_WRITE: Write Completed
[18842.505871] WS_WRITE: Write Completed
[18842.513671] WS_WRITE: Write Completed
[18842.518118] WS_WRITE: Write Completed
[18842.524915] WS_WRITE: Write Completed
[18842.529354] WS_WRITE: Write Completed
[18842.536108] WS_WRITE: Write Completed
[18843.540829] WS_WRITE: Write Completed
[18843.545265] WS_WRITE: Write Completed
[18843.549703] WS_WRITE: Write Completed
[18843.557611] WS_WRITE: Write Completed
[18843.563318] WS_WRITE: Write Completed
[18843.567758] WS_WRITE: Write Completed
[18843.574536] WS_WRITE: Write Completed
[18843.578974] WS_WRITE: Write Completed
[18844.585951] WS_WRITE: Write Completed
[18844.591696] WS_WRITE: Write Completed
[18844.596142] WS_WRITE: Write Completed
[18844.602878] WS_WRITE: Write Completed
[18844.607325] WS_WRITE: Write Completed
[18844.614081] WS_WRITE: Write Completed
[18844.618520] WS_WRITE: Write Completed
[18844.625277] WS_WRITE: Write Completed
[18845.629942] WS_WRITE: Write Completed
[18845.634476] WS_WRITE: Write Completed
[18845.638920] WS_WRITE: Write Completed
[18845.646725] WS_WRITE: Write Completed
[18845.652404] WS_WRITE: Write Completed
[18845.656843] WS_WRITE: Write Completed
[18845.663615] WS_WRITE: Write Completed
[18845.668052] WS_WRITE: Write Completed
[18846.675043] WS_WRITE: Write Completed
[18846.679481] WS_WRITE: Write Completed
[18846.687611] WS_WRITE: Write Completed
[18846.693314] WS_WRITE: Write Completed
[18846.697753] WS_WRITE: Write Completed
[18846.704599] WS_WRITE: Write Completed
[18846.709038] WS_WRITE: Write Completed
[18846.715807] WS_WRITE: Write Completed
[18847.720550] WS_WRITE: Write Completed
[18847.724990] WS_WRITE: Write Completed
[18847.729427] WS_WRITE: Write Completed
[18847.737254] WS_WRITE: Write Completed
[18847.742961] WS_WRITE: Write Completed
[18847.747398] WS_WRITE: Write Completed
[18847.754153] WS_WRITE: Write Completed
[18847.758591] WS_WRITE: Write Completed
[18848.765577] WS_WRITE: Write Completed
[18848.771272] WS_WRITE: Write Completed
[18848.775719] WS_WRITE: Write Completed
[18848.782543] WS_WRITE: Write Completed
[18848.786988] WS_WRITE: Write Completed
[18848.793849] WS_WRITE: Write Completed
[18848.798287] WS_WRITE: Write Completed
[18848.805059] WS_WRITE: Write Completed
[18849.809731] WS_WRITE: Write Completed
[18849.814271] WS_WRITE: Write Completed
[18849.818715] WS_WRITE: Write Completed
[18849.826541] WS_WRITE: Write Completed
[18849.832227] WS_WRITE: Write Completed
[18849.836666] WS_WRITE: Write Completed
[18849.843445] WS_WRITE: Write Completed
[18849.847883] WS_WRITE: Write Completed
[18850.855009] WS_WRITE: Write Completed
[18850.859449] WS_WRITE: Write Completed
[18850.866237] WS_WRITE: Write Completed
[18850.871911] WS_WRITE: Write Completed
[18850.876352] WS_WRITE: Write Completed
[18850.883125] WS_WRITE: Write Completed
[18850.887611] WS_WRITE: Write Completed
[18850.894380] WS_WRITE: Write Completed
[18851.899043] WS_WRITE: Write Completed
[18851.903572] WS_WRITE: Write Completed
[18851.908009] WS_WRITE: Write Completed
[18851.915834] WS_WRITE: Write Completed
[18851.921570] WS_WRITE: Write Completed
[18851.926016] WS_WRITE: Write Completed
[18851.932766] WS_WRITE: Write Completed
[18851.937212] WS_WRITE: Write Completed
[18852.944229] WS_WRITE: Write Completed
[18852.948668] WS_WRITE: Write Completed
[18852.955424] WS_WRITE: Write Completed
[18852.959860] WS_WRITE: Write Completed
[18852.966613] WS_WRITE: Write Completed
[18852.972298] WS_WRITE: Write Completed
[18852.976737] WS_WRITE: Write Completed
[18852.983494] WS_WRITE: Write Completed
[18853.988158] WS_WRITE: Write Completed
[18853.992689] WS_WRITE: Write Completed
[18853.997127] WS_WRITE: Write Completed
[18854.005038] WS_WRITE: Write Completed
[18854.009476] WS_WRITE: Write Completed
[18854.016228] WS_WRITE: Write Completed
[18854.021886] WS_WRITE: Write Completed
[18854.026332] WS_WRITE: Write Completed
[18855.033339] WS_WRITE: Write Completed
[18855.037779] WS_WRITE: Write Completed
[18855.044551] WS_WRITE: Write Completed
[18855.048989] WS_WRITE: Write Completed
[18855.055741] WS_WRITE: Write Completed
[18855.061404] WS_WRITE: Write Completed
[18855.065848] WS_WRITE: Write Completed
[18855.072662] WS_WRITE: Write Completed
[18856.077327] WS_WRITE: Write Completed
[18856.081860] WS_WRITE: Write Completed
[18856.086299] WS_WRITE: Write Completed
[18856.094078] WS_WRITE: Write Completed
[18856.098519] WS_WRITE: Write Completed
[18856.105290] WS_WRITE: Write Completed
[18856.109728] WS_WRITE: Write Completed
[18856.116515] WS_WRITE: Write Completed
[18857.122427] WS_WRITE: Write Completed
[18857.126863] WS_WRITE: Write Completed
[18857.133656] WS_WRITE: Write Completed
[18857.138092] WS_WRITE: Write Completed
[18857.144924] WS_WRITE: Write Completed
[18857.149363] WS_WRITE: Write Completed
[18857.156146] WS_WRITE: Write Completed
[18857.161831] WS_WRITE: Write Completed
[18858.166495] WS_WRITE: Write Completed
[18858.171010] WS_WRITE: Write Completed
[18858.175448] WS_WRITE: Write Completed
[18858.179885] WS_WRITE: Write Completed
[18858.188850] WS_WRITE: Write Completed
[18858.193412] WS_WRITE: Write Completed
[18858.200124] WS_WRITE: Write Completed
[18858.205700] WS_WRITE: Write Completed
[18859.210441] WS_WRITE: Write Completed
[18859.214881] WS_WRITE: Write Completed
[18859.219316] WS_WRITE: Write Completed
[18859.227189] WS_WRITE: Write Completed
[18859.232894] WS_WRITE: Write Completed
[18859.237333] WS_WRITE: Write Completed
[18859.244082] WS_WRITE: Write Completed
[18859.248521] WS_WRITE: Write Completed
[18860.255498] WS_WRITE: Write Completed
[18860.259936] WS_WRITE: Write Completed
[18860.266691] WS_WRITE: Write Completed
[18860.272392] WS_WRITE: Write Completed
[18860.276832] WS_WRITE: Write Completed
[18860.283586] WS_WRITE: Write Completed
[18860.288024] WS_WRITE: Write Completed
[18860.294842] WS_WRITE: Write Completed
[18861.299513] WS_WRITE: Write Completed
[18861.304043] WS_WRITE: Write Completed
[18861.308479] WS_WRITE: Write Completed
[18861.316304] WS_WRITE: Write Completed
[18861.321989] WS_WRITE: Write Completed
[18861.326428] WS_WRITE: Write Completed
[18861.333182] WS_WRITE: Write Completed
[18861.337621] WS_WRITE: Write Completed
[18862.344642] WS_WRITE: Write Completed
[18862.349080] WS_WRITE: Write Completed
[18862.357204] WS_WRITE: Write Completed
[18862.363007] WS_WRITE: Write Completed
[18862.367447] WS_WRITE: Write Completed
[18862.374200] WS_WRITE: Write Completed
[18862.378639] WS_WRITE: Write Completed
[18862.385480] WS_WRITE: Write Completed
[18863.390220] WS_WRITE: Write Completed
[18863.394660] WS_WRITE: Write Completed
[18863.399096] WS_WRITE: Write Completed
[18863.406922] WS_WRITE: Write Completed
[18863.412644] WS_WRITE: Write Completed
[18863.417084] WS_WRITE: Write Completed
[18863.423837] WS_WRITE: Write Completed
[18863.428276] WS_WRITE: Write Completed
[18864.435337] WS_WRITE: Write Completed
[18864.439776] WS_WRITE: Write Completed
[18864.446548] WS_WRITE: Write Completed
[18864.452413] WS_WRITE: Write Completed
[18864.456853] WS_WRITE: Write Completed
[18864.463604] WS_WRITE: Write Completed
[18864.468042] WS_WRITE: Write Completed
[18864.474797] WS_WRITE: Write Completed
[18865.479470] WS_WRITE: Write Completed
[18865.484000] WS_WRITE: Write Completed
[18865.488437] WS_WRITE: Write Completed
[18865.496272] WS_WRITE: Write Completed
[18865.501975] WS_WRITE: Write Completed
[18865.506417] WS_WRITE: Write Completed
[18865.513256] WS_WRITE: Write Completed
[18865.517694] WS_WRITE: Write Completed
[18866.524702] WS_WRITE: Write Completed
[18866.529141] WS_WRITE: Write Completed
[18866.535897] WS_WRITE: Write Completed
[18866.541558] WS_WRITE: Write Completed
[18866.546003] WS_WRITE: Write Completed
[18866.552759] WS_WRITE: Write Completed
[18866.557203] WS_WRITE: Write Completed
[18866.563958] WS_WRITE: Write Completed
[18867.568626] WS_WRITE: Write Completed
[18867.573157] WS_WRITE: Write Completed
[18867.577595] WS_WRITE: Write Completed
[18867.585490] WS_WRITE: Write Completed
[18867.589930] WS_WRITE: Write Completed
[18867.596700] WS_WRITE: Write Completed
[18867.602385] WS_WRITE: Write Completed
[18867.606824] WS_WRITE: Write Completed
[18868.613834] WS_WRITE: Write Completed
[18868.618273] WS_WRITE: Write Completed
[18868.625100] WS_WRITE: Write Completed
[18868.629538] WS_WRITE: Write Completed
[18868.636318] WS_WRITE: Write Completed
[18868.642003] WS_WRITE: Write Completed
[18868.646442] WS_WRITE: Write Completed
[18868.653214] WS_WRITE: Write Completed
[18869.657880] WS_WRITE: Write Completed
[18869.662412] WS_WRITE: Write Completed
[18869.666849] WS_WRITE: Write Completed
[18869.674692] WS_WRITE: Write Completed
[18869.679131] WS_WRITE: Write Completed
[18869.685897] WS_WRITE: Write Completed
[18869.691558] WS_WRITE: Write Completed
[18869.696006] WS_WRITE: Write Completed
[18870.700693] WS_WRITE: Write Completed
[18870.705134] WS_WRITE: Write Completed
[18870.709571] WS_WRITE: Write Completed
[18870.717379] WS_WRITE: Write Completed
[18870.723104] WS_WRITE: Write Completed
[18870.727544] WS_WRITE: Write Completed
[18870.734389] WS_WRITE: Write Completed
[18870.738828] WS_WRITE: Write Completed
[18871.745805] WS_WRITE: Write Completed
[18871.751467] WS_WRITE: Write Completed
[18871.755912] WS_WRITE: Write Completed
[18871.762669] WS_WRITE: Write Completed
[18871.767115] WS_WRITE: Write Completed
[18871.773875] WS_WRITE: Write Completed
[18871.778314] WS_WRITE: Write Completed
[18871.785067] WS_WRITE: Write Completed
[18872.789741] WS_WRITE: Write Completed
[18872.794281] WS_WRITE: Write Completed
[18872.798719] WS_WRITE: Write Completed
[18872.806633] WS_WRITE: Write Completed
[18872.812318] WS_WRITE: Write Completed
[18872.816756] WS_WRITE: Write Completed
[18872.823510] WS_WRITE: Write Completed
[18872.827946] WS_WRITE: Write Completed
[18873.834965] WS_WRITE: Write Completed
[18873.839402] WS_WRITE: Write Completed
[18873.846179] WS_WRITE: Write Completed
[18873.851854] WS_WRITE: Write Completed
[18873.855575] WS_IOCTL: RESET Command Received
[18873.887249] WS_RELEASE: Driver Released Successfully
root@quark:/home# 